<?xml version="1.0" encoding="UTF-8"?>
<testng-results ignored="0" total="1" passed="1" failed="0" skipped="0">
  <reporter-output>
  </reporter-output>
  <suite started-at="2023-09-23T14:51:23 GST" name="Default suite" finished-at="2023-09-23T14:52:29 GST" duration-ms="65867">
    <groups>
    </groups>
    <test started-at="2023-09-23T14:51:23 GST" name="Default test" finished-at="2023-09-23T14:52:29 GST" duration-ms="65867">
      <class name="Test_package.Datadriven_Test">
        <test-method is-config="true" signature="setup()[pri:0, instance:Test_package.Datadriven_Test@2b71e916]" started-at="2023-09-23T14:51:23 GST" name="setup" finished-at="2023-09-23T14:51:29 GST" duration-ms="5289" status="PASS">
          <reporter-output>
          </reporter-output>
        </test-method> <!-- setup -->
        <test-method is-config="true" signature="url()[pri:0, instance:Test_package.Datadriven_Test@2b71e916]" started-at="2023-09-23T14:51:29 GST" name="url" finished-at="2023-09-23T14:51:47 GST" duration-ms="18822" status="PASS">
          <reporter-output>
          </reporter-output>
        </test-method> <!-- url -->
        <test-method signature="verifyLoginWithValidCred()[pri:0, instance:Test_package.Datadriven_Test@2b71e916]" started-at="2023-09-23T14:51:47 GST" name="verifyLoginWithValidCred" finished-at="2023-09-23T14:52:29 GST" duration-ms="41666" status="PASS">
          <reporter-output>
          </reporter-output>
        </test-method> <!-- verifyLoginWithValidCred -->
      </class> <!-- Test_package.Datadriven_Test -->
    </test> <!-- Default test -->
  </suite> <!-- Default suite -->
</testng-results>
